<!DOCTYPE html>
<html>
<head>
<meta http-equiv="Content-Type" content="text/html; charset=utf-8"/>
<meta http-equiv="x-ua-compatible" content="IE=edge"/>
<title>Test results - Class EMPTY_NAME</title>
<link href="../css/base-style.css" rel="stylesheet" type="text/css"/>
<link href="../css/style.css" rel="stylesheet" type="text/css"/>
<script src="../js/report.js" type="text/javascript"></script>
</head>
<body>
<div id="content">
<h1>Class EMPTY_NAME</h1>
<div class="breadcrumbs">
<a href="../index.html">all</a> &gt; 
<a href="../packages/default-package.html">default-package</a> &gt; EMPTY_NAME</div>
<div id="summary">
<table>
<tr>
<td>
<div class="summaryGroup">
<table>
<tr>
<td>
<div class="infoBox" id="tests">
<div class="counter">1</div>
<p>tests</p>
</div>
</td>
<td>
<div class="infoBox" id="failures">
<div class="counter">1</div>
<p>failures</p>
</div>
</td>
<td>
<div class="infoBox" id="ignored">
<div class="counter">0</div>
<p>ignored</p>
</div>
</td>
<td>
<div class="infoBox" id="duration">
<div class="counter">1m1.81s</div>
<p>duration</p>
</div>
</td>
</tr>
</table>
</div>
</td>
<td>
<div class="infoBox failures" id="successRate">
<div class="percent">0%</div>
<p>successful</p>
</div>
</td>
</tr>
</table>
</div>
<div id="tabs">
<ul class="tabLinks">
<li>
<a href="#tab0">Failed tests</a>
</li>
<li>
<a href="#tab1">Tests</a>
</li>
<li>
<a href="#tab2">Standard error</a>
</li>
</ul>
<div id="tab0" class="tab">
<h2>Failed tests</h2>
<div class="test">
<a name="Acceder a la Web Automation demo"></a>
<h3 class="failures">Acceder a la Web Automation demo</h3>
<span class="code">
<pre>java.lang.AssertionError: no such element: Unable to locate element: {&quot;method&quot;:&quot;xpath&quot;,&quot;selector&quot;:&quot;/html/body/section/div[1]/div/div[2]/h4[1]&quot;}
  (Session info: chrome=80.0.3987.162)
For documentation on this error, please visit: https://www.seleniumhq.org/exceptions/no_such_element.html
Build info: version: '3.141.59', revision: 'e82be7d358', time: '2018-11-14T08:17:03'
System info: host: 'DESKTOP-OQALJ8C', ip: '192.168.1.36', os.name: 'Windows 10', os.arch: 'amd64', os.version: '10.0', java.version: '1.8.0_131'
Driver info: org.openqa.selenium.chrome.ChromeDriver
Capabilities {acceptInsecureCerts: false, browserName: chrome, browserVersion: 80.0.3987.162, chrome: {chromedriverVersion: 80.0.3987.106 (f68069574609..., userDataDir: C:\Users\LATITU~1\AppData\L...}, goog:chromeOptions: {debuggerAddress: localhost:59692}, javascriptEnabled: true, networkConnectionEnabled: false, pageLoadStrategy: normal, platform: WINDOWS, platformName: WINDOWS, proxy: Proxy(), setWindowRect: true, strictFileInteractability: false, timeouts: {implicit: 0, pageLoad: 300000, script: 30000}, unhandledPromptBehavior: dismiss and notify}
Session ID: 16e82b58115ed9b8ef7a9afa5e8b7ad9
*** Element info: {Using=xpath, value=/html/body/section/div[1]/div/div[2]/h4[1]}
	at net.serenitybdd.screenplay.ErrorTally.throwSummaryExceptionFrom(ErrorTally.java:36)
	at net.serenitybdd.screenplay.ErrorTally.reportAnyErrors(ErrorTally.java:30)
	at net.serenitybdd.screenplay.Actor.should(Actor.java:301)
	at pa.com.choucair.certification.proyectobase.stepdefinitions.AutomationDemoSiteStepDefinitions.elVerificaQueSeCargaLaPantallaConTexto(AutomationDemoSiteStepDefinitions.java:45)
	at ✽.el verifica que se carga la pantalla con texto &quot;Double Click on Edit Icon to EDIT the Table Row&quot;(src/test/resources/features/automation_demosite.feature:15)
</pre>
</span>
</div>
</div>
<div id="tab1" class="tab">
<h2>Tests</h2>
<table>
<thead>
<tr>
<th>Test</th>
<th>Duration</th>
<th>Result</th>
</tr>
</thead>
<tr>
<td class="failures">Acceder a la Web Automation demo</td>
<td class="failures">1m1.81s</td>
<td class="failures">failed</td>
</tr>
</table>
</div>
<div id="tab2" class="tab">
<h2>Standard error</h2>
<span class="code">
<pre>abr 01, 2020 3:04:31 PM org.openqa.selenium.remote.DesiredCapabilities chrome
INFORMACIÓN: Using `new ChromeOptions()` is preferred to `DesiredCapabilities.chrome()`
[Test worker] INFO net.serenitybdd.core.webdriver.driverproviders.ProvideNewDriver - Instantiating driver
[Test worker] INFO net.serenitybdd.core.webdriver.driverproviders.ProvideNewDriver - Driver capabilities: Capabilities {acceptInsecureCerts: false, browserName: chrome, chrome.switches: --start-maximized, goog:chromeOptions: {args: [--start-maximized], extensions: []}, loggingPrefs: org.openqa.selenium.logging..., platform: ANY, version: }
Starting ChromeDriver 80.0.3987.106 (f68069574609230cf9b635cd784cfb1bf81bb53a-refs/branch-heads/3987@{#882}) on port 14300
Only local connections are allowed.
Please protect ports used by ChromeDriver and related test frameworks to prevent access by malicious code.
[1585771476.774][WARNING]: Timed out connecting to Chrome, retrying...
abr 01, 2020 3:04:38 PM org.openqa.selenium.remote.ProtocolHandshake createSession
INFORMACIÓN: Detected dialect: W3C
[1585771479.922][SEVERE]: Timed out receiving message from renderer: 0.100
[1585771480.026][SEVERE]: Timed out receiving message from renderer: 0.100
[1585771480.128][SEVERE]: Timed out receiving message from renderer: 0.100
[1585771480.232][SEVERE]: Timed out receiving message from renderer: 0.100
[1585771480.337][SEVERE]: Timed out receiving message from renderer: 0.100
[1585771480.441][SEVERE]: Timed out receiving message from renderer: 0.100
[1585771480.546][SEVERE]: Timed out receiving message from renderer: 0.100
[1585771480.651][SEVERE]: Timed out receiving message from renderer: 0.100
[1585771480.757][SEVERE]: Timed out receiving message from renderer: 0.100
[1585771480.862][SEVERE]: Timed out receiving message from renderer: 0.100
[1585771480.965][SEVERE]: Timed out receiving message from renderer: 0.100
[1585771481.068][SEVERE]: Timed out receiving message from renderer: 0.100
[1585771481.172][SEVERE]: Timed out receiving message from renderer: 0.100
[1585771481.276][SEVERE]: Timed out receiving message from renderer: 0.100
[1585771481.379][SEVERE]: Timed out receiving message from renderer: 0.100
[1585771481.483][SEVERE]: Timed out receiving message from renderer: 0.100
[1585771481.589][SEVERE]: Timed out receiving message from renderer: 0.100
[1585771481.697][SEVERE]: Timed out receiving message from renderer: 0.100
[1585771481.800][SEVERE]: Timed out receiving message from renderer: 0.100
[1585771481.903][SEVERE]: Timed out receiving message from renderer: 0.100
[1585771482.006][SEVERE]: Timed out receiving message from renderer: 0.100
[1585771482.110][SEVERE]: Timed out receiving message from renderer: 0.100
[1585771482.214][SEVERE]: Timed out receiving message from renderer: 0.100
[1585771482.317][SEVERE]: Timed out receiving message from renderer: 0.100
[1585771482.422][SEVERE]: Timed out receiving message from renderer: 0.100
[1585771482.527][SEVERE]: Timed out receiving message from renderer: 0.100
[1585771482.630][SEVERE]: Timed out receiving message from renderer: 0.100
[1585771482.736][SEVERE]: Timed out receiving message from renderer: 0.100
[1585771482.839][SEVERE]: Timed out receiving message from renderer: 0.100
[1585771482.942][SEVERE]: Timed out receiving message from renderer: 0.100
[1585771483.046][SEVERE]: Timed out receiving message from renderer: 0.100
[1585771483.149][SEVERE]: Timed out receiving message from renderer: 0.100
[1585771483.257][SEVERE]: Timed out receiving message from renderer: 0.100
[1585771483.359][SEVERE]: Timed out receiving message from renderer: 0.100
[1585771483.461][SEVERE]: Timed out receiving message from renderer: 0.100
[1585771483.562][SEVERE]: Timed out receiving message from renderer: 0.100
[1585771483.663][SEVERE]: Timed out receiving message from renderer: 0.100
[1585771483.766][SEVERE]: Timed out receiving message from renderer: 0.100
[1585771483.868][SEVERE]: Timed out receiving message from renderer: 0.100
[1585771483.969][SEVERE]: Timed out receiving message from renderer: 0.100
[1585771484.072][SEVERE]: Timed out receiving message from renderer: 0.100
[1585771484.173][SEVERE]: Timed out receiving message from renderer: 0.100
[1585771484.274][SEVERE]: Timed out receiving message from renderer: 0.100
[1585771484.375][SEVERE]: Timed out receiving message from renderer: 0.100
[1585771484.478][SEVERE]: Timed out receiving message from renderer: 0.100
[1585771484.580][SEVERE]: Timed out receiving message from renderer: 0.100
[1585771484.684][SEVERE]: Timed out receiving message from renderer: 0.100
[1585771484.785][SEVERE]: Timed out receiving message from renderer: 0.100
[1585771484.886][SEVERE]: Timed out receiving message from renderer: 0.100
[1585771484.987][SEVERE]: Timed out receiving message from renderer: 0.100
[1585771485.089][SEVERE]: Timed out receiving message from renderer: 0.100
[1585771485.191][SEVERE]: Timed out receiving message from renderer: 0.100
[1585771485.292][SEVERE]: Timed out receiving message from renderer: 0.100
[1585771485.394][SEVERE]: Timed out receiving message from renderer: 0.100
[1585771485.495][SEVERE]: Timed out receiving message from renderer: 0.100
[1585771485.597][SEVERE]: Timed out receiving message from renderer: 0.100
[1585771485.699][SEVERE]: Timed out receiving message from renderer: 0.100
[1585771485.801][SEVERE]: Timed out receiving message from renderer: 0.100
[1585771485.903][SEVERE]: Timed out receiving message from renderer: 0.100
[1585771486.004][SEVERE]: Timed out receiving message from renderer: 0.100
[1585771486.149][SEVERE]: Timed out receiving message from renderer: 0.100
[1585771486.250][SEVERE]: Timed out receiving message from renderer: 0.100
[1585771486.351][SEVERE]: Timed out receiving message from renderer: 0.100
[1585771486.453][SEVERE]: Timed out receiving message from renderer: 0.100
[1585771486.555][SEVERE]: Timed out receiving message from renderer: 0.100
[1585771486.656][SEVERE]: Timed out receiving message from renderer: 0.100
[1585771486.758][SEVERE]: Timed out receiving message from renderer: 0.100
[1585771486.859][SEVERE]: Timed out receiving message from renderer: 0.100
[1585771486.961][SEVERE]: Timed out receiving message from renderer: 0.100
[1585771487.064][SEVERE]: Timed out receiving message from renderer: 0.100
[1585771487.166][SEVERE]: Timed out receiving message from renderer: 0.100
[1585771487.268][SEVERE]: Timed out receiving message from renderer: 0.100
[1585771487.370][SEVERE]: Timed out receiving message from renderer: 0.100
[1585771487.471][SEVERE]: Timed out receiving message from renderer: 0.100
[1585771487.572][SEVERE]: Timed out receiving message from renderer: 0.100
[1585771487.673][SEVERE]: Timed out receiving message from renderer: 0.100
[1585771487.775][SEVERE]: Timed out receiving message from renderer: 0.100
[1585771487.876][SEVERE]: Timed out receiving message from renderer: 0.100
[1585771487.978][SEVERE]: Timed out receiving message from renderer: 0.100
[1585771488.081][SEVERE]: Timed out receiving message from renderer: 0.100
[1585771488.182][SEVERE]: Timed out receiving message from renderer: 0.100
[1585771488.284][SEVERE]: Timed out receiving message from renderer: 0.100
[1585771488.386][SEVERE]: Timed out receiving message from renderer: 0.100
[1585771488.488][SEVERE]: Timed out receiving message from renderer: 0.100
[1585771488.590][SEVERE]: Timed out receiving message from renderer: 0.100
[1585771488.693][SEVERE]: Timed out receiving message from renderer: 0.100
[1585771489.064][SEVERE]: Timed out receiving message from renderer: 0.100
[1585771489.284][SEVERE]: Timed out receiving message from renderer: 0.100
[1585771489.386][SEVERE]: Timed out receiving message from renderer: 0.100
[1585771489.487][SEVERE]: Timed out receiving message from renderer: 0.100
[1585771489.886][SEVERE]: Timed out receiving message from renderer: 0.100
[1585771489.988][SEVERE]: Timed out receiving message from renderer: 0.100
[1585771490.090][SEVERE]: Timed out receiving message from renderer: 0.100
[Test worker] ERROR net.thucydides.core.steps.ConsoleLoggingListener - 
           __  _____ _____ ____ _____   _____ _    ___ _     _____ ____  
  _       / / |_   _| ____/ ___|_   _| |  ___/ \  |_ _| |   | ____|  _ \ 
 (_)_____| |    | | |  _| \___ \ | |   | |_ / _ \  | || |   |  _| | | | |
  _|_____| |    | | | |___ ___) || |   |  _/ ___ \ | || |___| |___| |_| |
 (_)     | |    |_| |_____|____/ |_|   |_|/_/   \_\___|_____|_____|____/ 
          \_\                                                            

TEST FAILED WITH ERROR: Acceder a la Web Automation demo
---------------------------------------------------------------------
[Test worker] ERROR net.thucydides.core.steps.ConsoleLoggingListener - TEST FAILED AT STEP Then answer
[Test worker] ERROR net.thucydides.core.steps.ConsoleLoggingListener - no such element: Unable to locate element: {&quot;method&quot;:&quot;xpath&quot;,&quot;selector&quot;:&quot;/html/body/section/div[1]/div/div[2]/h4[1]&quot;}
</pre>
</span>
</div>
</div>
<div id="footer">
<p>
<div>
<label class="hidden" id="label-for-line-wrapping-toggle" for="line-wrapping-toggle">Wrap lines
<input id="line-wrapping-toggle" type="checkbox" autocomplete="off"/>
</label>
</div>Generated by 
<a href="http://www.gradle.org">Gradle 5.2.1</a> at 04/01/2020 03:05:36 PM</p>
</div>
</div>
</body>
</html>
